[debug] [2025-04-13T19:38:38.206Z] ----------------------------------------------------------------------
[debug] [2025-04-13T19:38:38.208Z] Command:       C:\Program Files\nodejs\node.exe C:\Users\aksha\AppData\Roaming\npm\node_modules\firebase-tools\lib\bin\firebase.js init
[debug] [2025-04-13T19:38:38.209Z] CLI Version:   14.1.0
[debug] [2025-04-13T19:38:38.209Z] Platform:      win32
[debug] [2025-04-13T19:38:38.209Z] Node Version:  v22.13.1
[debug] [2025-04-13T19:38:38.209Z] Time:          Mon Apr 14 2025 01:08:38 GMT+0530 (India Standard Time)
[debug] [2025-04-13T19:38:38.209Z] ----------------------------------------------------------------------
[debug] 
[debug] [2025-04-13T19:38:38.212Z] >>> [apiv2][query] GET https://firebase-public.firebaseio.com/cli.json [none]
[debug] [2025-04-13T19:38:38.269Z] > command requires scopes: ["email","openid","https://www.googleapis.com/auth/cloudplatformprojects.readonly","https://www.googleapis.com/auth/firebase","https://www.googleapis.com/auth/cloud-platform"]
[debug] [2025-04-13T19:38:38.270Z] > authorizing via signed-in user (u23ee101@eed.svnit.ac.in)
[info] 
     ######## #### ########  ######## ########     ###     ######  ########
     ##        ##  ##     ## ##       ##     ##  ##   ##  ##       ##
     ######    ##  ########  ######   ########  #########  ######  ######
     ##        ##  ##    ##  ##       ##     ## ##     ##       ## ##
     ##       #### ##     ## ######## ########  ##     ##  ######  ########

You're about to initialize a Firebase project in this directory:

  C:\Users\aksha\Desktop\project1

[debug] [2025-04-13T19:38:38.855Z] <<< [apiv2][status] GET https://firebase-public.firebaseio.com/cli.json 200
[debug] [2025-04-13T19:38:38.855Z] <<< [apiv2][body] GET https://firebase-public.firebaseio.com/cli.json {"cloudBuildErrorAfter":1594252800000,"cloudBuildWarnAfter":1590019200000,"defaultNode10After":1594252800000,"minVersion":"3.0.5","node8DeploysDisabledAfter":1613390400000,"node8RuntimeDisabledAfter":1615809600000,"node8WarnAfter":1600128000000}
